<?xml version="1.0" encoding="UTF-8"?>
<testsuite xmlns:xsi="http://www.w3.org/2001/XMLSchema-instance" xsi:noNamespaceSchemaLocation="https://maven.apache.org/surefire/maven-surefire-plugin/xsd/surefire-test-report-3.0.xsd" version="3.0" name="org.example.testRunner.Runners" time="483.468" tests="15" errors="0" skipped="0" failures="3">
  <properties>
[...]
</properties>
  <testcase name="runScenario[&quot;guest user could register with valid data successfully&quot;, &quot;F01_Register | users could register with new accounts&quot;](1)" classname="org.example.testRunner.Runners" time="73.907">
    <system-out><![CDATA[Massage:Your registration completed
color:rgba(76, 177, 124, 1)
]]></system-out>
    <system-err><![CDATA[SLF4J: Failed to load class "org.slf4j.impl.StaticLoggerBinder".
SLF4J: Defaulting to no-operation (NOP) logger implementation
SLF4J: See http://www.slf4j.org/codes.html#StaticLoggerBinder for further details.
Starting ChromeDriver 103.0.5060.53 (a1711811edd74ff1cf2150f36ffa3b0dae40b17f-refs/branch-heads/5060@{#853}) on port 52026
Only local connections are allowed.
Please see https://chromedriver.chromium.org/security-considerations for suggestions on keeping ChromeDriver safe.
ChromeDriver was started successfully.
Jul 20, 2022 12:19:29 AM org.openqa.selenium.remote.ProtocolHandshake createSession
INFO: Detected upstream dialect: W3C
Jul 20, 2022 12:19:30 AM org.openqa.selenium.devtools.CdpVersionFinder findNearestMatch
INFO: Found exact CDP implementation for version 103
]]></system-err>
  </testcase>
  <testcase name="runScenario[&quot;user could login with valid email and password&quot;, &quot;F02_Login | users could use login functionality to use their accounts&quot;](2)" classname="org.example.testRunner.Runners" time="27.024">
    <system-out><![CDATA[Massage:My account
]]></system-out>
    <system-err><![CDATA[Starting ChromeDriver 103.0.5060.53 (a1711811edd74ff1cf2150f36ffa3b0dae40b17f-refs/branch-heads/5060@{#853}) on port 63483
Only local connections are allowed.
Please see https://chromedriver.chromium.org/security-considerations for suggestions on keeping ChromeDriver safe.
ChromeDriver was started successfully.
Jul 20, 2022 12:20:25 AM org.openqa.selenium.remote.ProtocolHandshake createSession
INFO: Detected upstream dialect: W3C
Jul 20, 2022 12:20:25 AM org.openqa.selenium.devtools.CdpVersionFinder findNearestMatch
INFO: Found exact CDP implementation for version 103
]]></system-err>
  </testcase>
  <testcase name="runScenario[&quot;user could login with valid email and incorrect password&quot;, &quot;F02_Login | users could use login functionality to use their accounts&quot;](3)" classname="org.example.testRunner.Runners" time="19.014">
    <system-out><![CDATA[Massage:Login was unsuccessful. Please correct the errors and try again.
The credentials provided are incorrect
color:#e4434b
]]></system-out>
    <system-err><![CDATA[Starting ChromeDriver 103.0.5060.53 (a1711811edd74ff1cf2150f36ffa3b0dae40b17f-refs/branch-heads/5060@{#853}) on port 57782
Only local connections are allowed.
Please see https://chromedriver.chromium.org/security-considerations for suggestions on keeping ChromeDriver safe.
ChromeDriver was started successfully.
Jul 20, 2022 12:20:42 AM org.openqa.selenium.remote.ProtocolHandshake createSession
INFO: Detected upstream dialect: W3C
Jul 20, 2022 12:20:42 AM org.openqa.selenium.devtools.CdpVersionFinder findNearestMatch
INFO: Found exact CDP implementation for version 103
]]></system-err>
  </testcase>
  <testcase name="runScenario[&quot;user could users could change currencies&quot;, &quot;F03_currencies | users could change currencies&quot;](4)" classname="org.example.testRunner.Runners" time="13.998">
    <system-out><![CDATA[€1032.00
€1548.00
€210.70
€21.50
]]></system-out>
    <system-err><![CDATA[Starting ChromeDriver 103.0.5060.53 (a1711811edd74ff1cf2150f36ffa3b0dae40b17f-refs/branch-heads/5060@{#853}) on port 51248
Only local connections are allowed.
Please see https://chromedriver.chromium.org/security-considerations for suggestions on keeping ChromeDriver safe.
ChromeDriver was started successfully.
Jul 20, 2022 12:21:00 AM org.openqa.selenium.remote.ProtocolHandshake createSession
INFO: Detected upstream dialect: W3C
Jul 20, 2022 12:21:00 AM org.openqa.selenium.devtools.CdpVersionFinder findNearestMatch
INFO: Found exact CDP implementation for version 103
]]></system-err>
  </testcase>
  <testcase name="runScenario[&quot;user could search for product using product name&quot;, &quot;F04_Search | user could search&quot;](5)" classname="org.example.testRunner.Runners" time="13.012">
    <system-out><![CDATA[https://demo.nopcommerce.com/search?q=Nike
3
Nike Floral Roshe Customized Running Shoes
Nike SB Zoom Stefan Janoski "Medium Mint"
Nike Tailwind Loose Short-Sleeve Running Shirt
]]></system-out>
    <system-err><![CDATA[Starting ChromeDriver 103.0.5060.53 (a1711811edd74ff1cf2150f36ffa3b0dae40b17f-refs/branch-heads/5060@{#853}) on port 53444
Only local connections are allowed.
Please see https://chromedriver.chromium.org/security-considerations for suggestions on keeping ChromeDriver safe.
ChromeDriver was started successfully.
Jul 20, 2022 12:21:14 AM org.openqa.selenium.remote.ProtocolHandshake createSession
INFO: Detected upstream dialect: W3C
Jul 20, 2022 12:21:14 AM org.openqa.selenium.devtools.CdpVersionFinder findNearestMatch
INFO: Found exact CDP implementation for version 103
]]></system-err>
  </testcase>
  <testcase name="runScenario[&quot;user could search for product using sku&quot;, &quot;F04_Search | user could search&quot;](6)" classname="org.example.testRunner.Runners" time="14.103">
    <system-out><![CDATA[AP_MBP_13
]]></system-out>
    <system-err><![CDATA[Starting ChromeDriver 103.0.5060.53 (a1711811edd74ff1cf2150f36ffa3b0dae40b17f-refs/branch-heads/5060@{#853}) on port 61554
Only local connections are allowed.
Please see https://chromedriver.chromium.org/security-considerations for suggestions on keeping ChromeDriver safe.
ChromeDriver was started successfully.
Jul 20, 2022 12:21:27 AM org.openqa.selenium.remote.ProtocolHandshake createSession
INFO: Detected upstream dialect: W3C
Jul 20, 2022 12:21:27 AM org.openqa.selenium.devtools.CdpVersionFinder findNearestMatch
INFO: Found exact CDP implementation for version 103
]]></system-err>
  </testcase>
  <testcase name="runScenario[&quot;user could hover for list of prodect&quot;, &quot;F05_hover Categories | user make actions using hover&quot;](7)" classname="org.example.testRunner.Runners" time="14.661">
    <system-out><![CDATA[Computers
https://demo.nopcommerce.com/notebooks
notebooks
]]></system-out>
    <system-err><![CDATA[Starting ChromeDriver 103.0.5060.53 (a1711811edd74ff1cf2150f36ffa3b0dae40b17f-refs/branch-heads/5060@{#853}) on port 50046
Only local connections are allowed.
Please see https://chromedriver.chromium.org/security-considerations for suggestions on keeping ChromeDriver safe.
ChromeDriver was started successfully.
Jul 20, 2022 12:21:41 AM org.openqa.selenium.remote.ProtocolHandshake createSession
INFO: Detected upstream dialect: W3C
Jul 20, 2022 12:21:41 AM org.openqa.selenium.devtools.CdpVersionFinder findNearestMatch
INFO: Found exact CDP implementation for version 103
]]></system-err>
  </testcase>
  <testcase name="runScenario[&quot;first slider is clickable on home page&quot;, &quot;F06_home slider | checking home slider functionality&quot;](8)" classname="org.example.testRunner.Runners" time="12.885">
    <failure message="expected [true] but found [false]" type="java.lang.AssertionError"><![CDATA[java.lang.AssertionError: expected [true] but found [false]
	at org.testng.Assert.fail(Assert.java:110)
	at org.testng.Assert.failNotEquals(Assert.java:1413)
	at org.testng.Assert.assertTrue(Assert.java:56)
	at org.testng.Assert.assertTrue(Assert.java:66)
	at org.example.stepDefs.D06_homeSlidersStepDef.assertUrlSlider1(D06_homeSlidersStepDef.java:22)
	at ✽.assert the url of first slider(file:///C:/Users/jack/IdeaProjects/demonopcommerce/src/main/resources/features/F06_homeSliders.feature:5)
]]></failure>
    <system-out><![CDATA[https://demo.nopcommerce.com/
]]></system-out>
    <system-err><![CDATA[Starting ChromeDriver 103.0.5060.53 (a1711811edd74ff1cf2150f36ffa3b0dae40b17f-refs/branch-heads/5060@{#853}) on port 58473
Only local connections are allowed.
Please see https://chromedriver.chromium.org/security-considerations for suggestions on keeping ChromeDriver safe.
ChromeDriver was started successfully.
Jul 20, 2022 12:21:55 AM org.openqa.selenium.remote.ProtocolHandshake createSession
INFO: Detected upstream dialect: W3C
Jul 20, 2022 12:21:55 AM org.openqa.selenium.devtools.CdpVersionFinder findNearestMatch
INFO: Found exact CDP implementation for version 103
]]></system-err>
  </testcase>
  <testcase name="runScenario[&quot;second slider is clickable on home page&quot;, &quot;F06_home slider | checking home slider functionality&quot;](9)" classname="org.example.testRunner.Runners" time="187.655">
    <failure message="expected [true] but found [false]" type="java.lang.AssertionError"><![CDATA[java.lang.AssertionError: expected [true] but found [false]
	at org.testng.Assert.fail(Assert.java:110)
	at org.testng.Assert.failNotEquals(Assert.java:1413)
	at org.testng.Assert.assertTrue(Assert.java:56)
	at org.testng.Assert.assertTrue(Assert.java:66)
	at org.example.stepDefs.D06_homeSlidersStepDef.assertUrlSlider2(D06_homeSlidersStepDef.java:42)
	at ✽.assert the url of second slider(file:///C:/Users/jack/IdeaProjects/demonopcommerce/src/main/resources/features/F06_homeSliders.feature:10)
]]></failure>
    <system-out><![CDATA[https://demo.nopcommerce.com/

@smoke
Scenario: guest user could register with valid data successfully            &amp#27;[90m# src/main/resources/features/F01_Register.feature:3&amp#27;[0m
  &amp#27;[32mGiven &amp#27;[0m&amp#27;[32muser go to register page&amp#27;[0m                                            &amp#27;[90m# org.example.stepDefs.D01_registerStepDef.goRegisterPage()&amp#27;[0m
  &amp#27;[32mWhen &amp#27;[0m&amp#27;[32muser select gender type&amp#27;[0m                                              &amp#27;[90m# org.example.stepDefs.D01_registerStepDef.selectGender()&amp#27;[0m
  &amp#27;[32mAnd &amp#27;[0m&amp#27;[32muser enter first name "&amp#27;[0m&amp#27;[32m&amp#27;[1mautomation&amp#27;[0m&amp#27;[32m" and last name "&amp#27;[0m&amp#27;[32m&amp#27;[1mtester&amp#27;[0m&amp#27;[32m"&amp#27;[0m             &amp#27;[90m# org.example.stepDefs.D01_registerStepDef.enterusername(java.lang.String,java.lang.String)&amp#27;[0m
  &amp#27;[32mAnd &amp#27;[0m&amp#27;[32muser enter date of birth&amp#27;[0m                                              &amp#27;[90m# org.example.stepDefs.D01_registerStepDef.enterDateOfBirth()&amp#27;[0m
  &amp#27;[32mAnd &amp#27;[0m&amp#27;[32muser enter email "&amp#27;[0m&amp#27;[32m&amp#27;[1mtest50@example.com&amp#27;[0m&amp#27;[32m" field&amp#27;[0m                           &amp#27;[90m# org.example.stepDefs.D01_registerStepDef.enterEmail(java.lang.String)&amp#27;[0m
  &amp#27;[32mAnd &amp#27;[0m&amp#27;[32muser fills Password fields "&amp#27;[0m&amp#27;[32m&amp#27;[1mP@ssw0rd&amp#27;[0m&amp#27;[32m" and Confirm password "&amp#27;[0m&amp#27;[32m&amp#27;[1mP@ssw0rd&amp#27;[0m&amp#27;[32m"&amp#27;[0m &amp#27;[90m# org.example.stepDefs.D01_registerStepDef.fillPassword(java.lang.String,java.lang.String)&amp#27;[0m
  &amp#27;[32mThen &amp#27;[0m&amp#27;[32muser clicks on register button&amp#27;[0m                                       &amp#27;[90m# org.example.stepDefs.D01_registerStepDef.registerButton()&amp#27;[0m
  &amp#27;[32mAnd &amp#27;[0m&amp#27;[32msuccess message is displayed&amp#27;[0m                                          &amp#27;[90m# org.example.stepDefs.D01_registerStepDef.successMassage()&amp#27;[0m

@smoke
Scenario: user could login with valid email and password             &amp#27;[90m# src/main/resources/features/F02_Login.feature:3&amp#27;[0m
  &amp#27;[32mGiven &amp#27;[0m&amp#27;[32muser go to login page&amp#27;[0m                                        &amp#27;[90m# org.example.stepDefs.D02_loginStepDef.goLoginPage()&amp#27;[0m
  &amp#27;[32mWhen &amp#27;[0m&amp#27;[32muser login with this data "&amp#27;[0m&amp#27;[32m&amp#27;[1mtest50@example.com&amp#27;[0m&amp#27;[32m" and "&amp#27;[0m&amp#27;[32m&amp#27;[1mP@ssw0rd&amp#27;[0m&amp#27;[32m"&amp#27;[0m &amp#27;[90m# org.example.stepDefs.D02_loginStepDef.login_data(java.lang.String,java.lang.String)&amp#27;[0m
  &amp#27;[32mAnd &amp#27;[0m&amp#27;[32muser press on login button&amp#27;[0m                                     &amp#27;[90m# org.example.stepDefs.D02_loginStepDef.pressLoginButton()&amp#27;[0m
  &amp#27;[32mThen &amp#27;[0m&amp#27;[32muser login to the system successfully&amp#27;[0m                         &amp#27;[90m# org.example.stepDefs.D02_loginStepDef.successLoginAssertions()&amp#27;[0m

@smoke
Scenario: user could login with valid email and incorrect password            &amp#27;[90m# src/main/resources/features/F02_Login.feature:9&amp#27;[0m
  &amp#27;[32mGiven &amp#27;[0m&amp#27;[32muser go to login page&amp#27;[0m                                                 &amp#27;[90m# org.example.stepDefs.D02_loginStepDef.goLoginPage()&amp#27;[0m
  &amp#27;[32mWhen &amp#27;[0m&amp#27;[32muser login with this data "&amp#27;[0m&amp#27;[32m&amp#27;[1mtest50@example.com&amp#27;[0m&amp#27;[32m" and "&amp#27;[0m&amp#27;[32m&amp#27;[1minCorrectP@ssw0rd&amp#27;[0m&amp#27;[32m"&amp#27;[0m &amp#27;[90m# org.example.stepDefs.D02_loginStepDef.login_data(java.lang.String,java.lang.String)&amp#27;[0m
  &amp#27;[32mAnd &amp#27;[0m&amp#27;[32muser press on login button&amp#27;[0m                                              &amp#27;[90m# org.example.stepDefs.D02_loginStepDef.pressLoginButton()&amp#27;[0m
  &amp#27;[32mThen &amp#27;[0m&amp#27;[32muser could not login to the system&amp#27;[0m                                     &amp#27;[90m# org.example.stepDefs.D02_loginStepDef.unSuccessLoginAssertions()&amp#27;[0m

@smoke
Scenario: user could users could change currencies                                 &amp#27;[90m# src/main/resources/features/F03_currencies.feature:3&amp#27;[0m
  &amp#27;[32mGiven &amp#27;[0m&amp#27;[32muser click on currency dropdown list on the top left of home page&amp#27;[0m          &amp#27;[90m# org.example.stepDefs.D03_currenciesStepDef.clickOnCurrencyDropdownMenue()&amp#27;[0m
  &amp#27;[32mWhen &amp#27;[0m&amp#27;[32muser select Euro currency from the dropdown list&amp#27;[0m                            &amp#27;[90m# org.example.stepDefs.D03_currenciesStepDef.selectingEuroCurrency()&amp#27;[0m
  &amp#27;[32mThen &amp#27;[0m&amp#27;[32mverify that Euro Symbol â‚¬ is shown on the 4 products displayed in Home page&amp#27;[0m &amp#27;[90m# org.example.stepDefs.D03_currenciesStepDef.verifyThatEuroSymbolIsShowing()&amp#27;[0m

@smoke
Scenario: user could search for product using product name &amp#27;[90m# src/main/resources/features/F04_Search.feature:4&amp#27;[0m
  &amp#27;[32mGiven &amp#27;[0m&amp#27;[32muser search for "&amp#27;[0m&amp#27;[32m&amp#27;[1mNike&amp#27;[0m&amp#27;[32m"&amp#27;[0m                             &amp#27;[90m# org.example.stepDefs.D04_searchStepDef.searchingForNikeProduct(java.lang.String)&amp#27;[0m
  &amp#27;[32mWhen &amp#27;[0m&amp#27;[32muser clicks on search button&amp#27;[0m                        &amp#27;[90m# org.example.stepDefs.D04_searchStepDef.clickOnSearchBtn()&amp#27;[0m
  &amp#27;[32mThen &amp#27;[0m&amp#27;[32mverify that the url will contains Nike&amp#27;[0m              &amp#27;[90m# org.example.stepDefs.D04_searchStepDef.assertCureentUrl()&amp#27;[0m
  &amp#27;[32mAnd &amp#27;[0m&amp#27;[32mverify that search shows relevant results&amp#27;[0m            &amp#27;[90m# org.example.stepDefs.D04_searchStepDef.searchShowsRelevantResults()&amp#27;[0m

@smoke
Scenario: user could search for product using sku                &amp#27;[90m# src/main/resources/features/F04_Search.feature:10&amp#27;[0m
  &amp#27;[32mGiven &amp#27;[0m&amp#27;[32muser search for "&amp#27;[0m&amp#27;[32m&amp#27;[1mAP_MBP_13&amp#27;[0m&amp#27;[32m"&amp#27;[0m                              &amp#27;[90m# org.example.stepDefs.D04_searchStepDef.searchingForNikeProduct(java.lang.String)&amp#27;[0m
  &amp#27;[32mWhen &amp#27;[0m&amp#27;[32muser clicks on search button&amp#27;[0m                              &amp#27;[90m# org.example.stepDefs.D04_searchStepDef.clickOnSearchBtn()&amp#27;[0m
  &amp#27;[32mAnd &amp#27;[0m&amp#27;[32mclick on the product in search result&amp#27;[0m                      &amp#27;[90m# org.example.stepDefs.D04_searchStepDef.openTheProductDetails()&amp#27;[0m
  &amp#27;[32mThen &amp#27;[0m&amp#27;[32mverify that  the sku shown in this page will be AP_MBP_13&amp#27;[0m &amp#27;[90m# org.example.stepDefs.D04_searchStepDef.assertTheSku()&amp#27;[0m

@smoke
Scenario: user could hover for list of prodect                                &amp#27;[90m# src/main/resources/features/F05_hoverCategories.feature:3&amp#27;[0m
  &amp#27;[32mGiven &amp#27;[0m&amp#27;[32muser hover one of the main categories at home page&amp#27;[0m                    &amp#27;[90m# org.example.stepDefs.D05_hoverCategoriesStepDef.hoverCategory()&amp#27;[0m
  &amp#27;[32mWhen &amp#27;[0m&amp#27;[32mselect one of this sub-category and click on it&amp#27;[0m                        &amp#27;[90m# org.example.stepDefs.D05_hoverCategoriesStepDef.openSubCategory()&amp#27;[0m
  &amp#27;[32mThen &amp#27;[0m&amp#27;[32massert that the sub-category url is contains the selected sub-category&amp#27;[0m &amp#27;[90m# org.example.stepDefs.D05_hoverCategoriesStepDef.assertCureentUrl()&amp#27;[0m

@smoke
Scenario: first slider is clickable on home page     &amp#27;[90m# src/main/resources/features/F06_homeSliders.feature:3&amp#27;[0m
  &amp#27;[32mWhen &amp#27;[0m&amp#27;[32mclick on first slider of the nokia-lumia-1020&amp#27;[0m &amp#27;[90m# org.example.stepDefs.D06_homeSlidersStepDef.clickOnFirstSlider()&amp#27;[0m
  &amp#27;[31mThen &amp#27;[0m&amp#27;[31massert the url of first slider&amp#27;[0m                &amp#27;[90m# org.example.stepDefs.D06_homeSlidersStepDef.assertUrlSlider1()&amp#27;[0m
      &amp#27;[31mjava.lang.AssertionError: expected [true] but found [false]
	at org.testng.Assert.fail(Assert.java:110)
	at org.testng.Assert.failNotEquals(Assert.java:1413)
	at org.testng.Assert.assertTrue(Assert.java:56)
	at org.testng.Assert.assertTrue(Assert.java:66)
	at org.example.stepDefs.D06_homeSlidersStepDef.assertUrlSlider1(D06_homeSlidersStepDef.java:22)
	at âœ½.assert the url of first slider(file:///C:/Users/jack/IdeaProjects/demonopcommerce/src/main/resources/features/F06_homeSliders.feature:5)
&amp#27;[0m

@smoke
Scenario: second slider is clickable on home page &amp#27;[90m# src/main/resources/features/F06_homeSliders.feature:7&amp#27;[0m
  &amp#27;[32mGiven &amp#27;[0m&amp#27;[32mnavigate to second slider&amp#27;[0m                 &amp#27;[90m# org.example.stepDefs.D06_homeSlidersStepDef.clickOnSecondSliderBtn()&amp#27;[0m
  &amp#27;[32mWhen &amp#27;[0m&amp#27;[32mclick on second slider of the iphone-6&amp#27;[0m     &amp#27;[90m# org.example.stepDefs.D06_homeSlidersStepDef.clickOnSecondSlider()&amp#27;[0m
  &amp#27;[31mThen &amp#27;[0m&amp#27;[31massert the url of second slider&amp#27;[0m            &amp#27;[90m# org.example.stepDefs.D06_homeSlidersStepDef.assertUrlSlider2()&amp#27;[0m
      &amp#27;[31mjava.lang.AssertionError: expected [true] but found [false]
	at org.testng.Assert.fail(Assert.java:110)
	at org.testng.Assert.failNotEquals(Assert.java:1413)
	at org.testng.Assert.assertTrue(Assert.java:56)
	at org.testng.Assert.assertTrue(Assert.java:66)
	at org.example.stepDefs.D06_homeSlidersStepDef.assertUrlSlider2(D06_homeSlidersStepDef.java:42)
	at âœ½.assert the url of second slider(file:///C:/]]></system-out>
    <system-err><![CDATA[Starting ChromeDriver 103.0.5060.53 (a1711811edd74ff1cf2150f36ffa3b0dae40b17f-refs/branch-heads/5060@{#853}) on port 51219
Only local connections are allowed.
Please see https://chromedriver.chromium.org/security-considerations for suggestions on keeping ChromeDriver safe.
ChromeDriver was started successfully.
Jul 20, 2022 12:22:08 AM org.openqa.selenium.remote.ProtocolHandshake createSession
INFO: Detected upstream dialect: W3C
Jul 20, 2022 12:22:09 AM org.openqa.selenium.devtools.CdpVersionFinder findNearestMatch
INFO: Found exact CDP implementation for version 103
]]></system-err>
  </testcase>
  <testcase name="runScenario[&quot;user opens facebook&quot;, &quot;F07_FollowUs   | users could open followUs links&quot;](10)" classname="org.example.testRunner.Runners" time="0.003">
    <system-out><![CDATA[https://www.facebook.com/nopCommerce
https://www.facebook.com/nopCommerce
https://demo.nopcommerce.com/
]]></system-out>
    <system-err><![CDATA[Starting ChromeDriver 103.0.5060.53 (a1711811edd74ff1cf2150f36ffa3b0dae40b17f-refs/branch-heads/5060@{#853}) on port 63549
Only local connections are allowed.
Please see https://chromedriver.chromium.org/security-considerations for suggestions on keeping ChromeDriver safe.
ChromeDriver was started successfully.
Jul 20, 2022 12:23:24 AM org.openqa.selenium.remote.ProtocolHandshake createSession
INFO: Detected upstream dialect: W3C
Jul 20, 2022 12:23:24 AM org.openqa.selenium.devtools.CdpVersionFinder findNearestMatch
INFO: Found exact CDP implementation for version 103
]]></system-err>
  </testcase>
  <testcase name="runScenario[&quot;user opens twitter&quot;, &quot;F07_FollowUs   | users could open followUs links&quot;](11)" classname="org.example.testRunner.Runners" time="0.003">
    <system-out><![CDATA[https://twitter.com/nopCommerce
https://twitter.com/nopCommerce
https://demo.nopcommerce.com/
]]></system-out>
    <system-err><![CDATA[Starting ChromeDriver 103.0.5060.53 (a1711811edd74ff1cf2150f36ffa3b0dae40b17f-refs/branch-heads/5060@{#853}) on port 51405
Only local connections are allowed.
Please see https://chromedriver.chromium.org/security-considerations for suggestions on keeping ChromeDriver safe.
ChromeDriver was started successfully.
Jul 20, 2022 12:24:16 AM org.openqa.selenium.remote.ProtocolHandshake createSession
INFO: Detected upstream dialect: W3C
Jul 20, 2022 12:24:16 AM org.openqa.selenium.devtools.CdpVersionFinder findNearestMatch
INFO: Found exact CDP implementation for version 103
]]></system-err>
  </testcase>
  <testcase name="runScenario[&quot;user opens rss&quot;, &quot;F07_FollowUs   | users could open followUs links&quot;](12)" classname="org.example.testRunner.Runners" time="5.168">
    <failure message="Index: 1, Size: 1" type="java.lang.IndexOutOfBoundsException"><![CDATA[java.lang.IndexOutOfBoundsException: Index: 1, Size: 1
	at java.util.ArrayList.rangeCheck(ArrayList.java:659)
	at java.util.ArrayList.get(ArrayList.java:435)
	at org.example.stepDefs.D07_followUsStepDef.assertCurrentUrl(D07_followUsStepDef.java:27)
	at ✽.assert current url "https://demo.nopcommerce.com/new-online-store-is-open"(file:///C:/Users/jack/IdeaProjects/demonopcommerce/src/main/resources/features/F07_followUs.feature:13)
]]></failure>
    <system-out><![CDATA[https://demo.nopcommerce.com/new-online-store-is-open
]]></system-out>
    <system-err><![CDATA[Starting ChromeDriver 103.0.5060.53 (a1711811edd74ff1cf2150f36ffa3b0dae40b17f-refs/branch-heads/5060@{#853}) on port 60078
Only local connections are allowed.
Please see https://chromedriver.chromium.org/security-considerations for suggestions on keeping ChromeDriver safe.
ChromeDriver was started successfully.
Jul 20, 2022 12:24:59 AM org.openqa.selenium.remote.ProtocolHandshake createSession
INFO: Detected upstream dialect: W3C
Jul 20, 2022 12:24:59 AM org.openqa.selenium.devtools.CdpVersionFinder findNearestMatch
INFO: Found exact CDP implementation for version 103
]]></system-err>
  </testcase>
  <testcase name="runScenario[&quot;user opens youtube&quot;, &quot;F07_FollowUs   | users could open followUs links&quot;](13)" classname="org.example.testRunner.Runners" time="50.395">
    <system-out><![CDATA[https://www.youtube.com/user/nopCommerce
https://www.youtube.com/user/nopCommerce
https://demo.nopcommerce.com/
]]></system-out>
    <system-err><![CDATA[Starting ChromeDriver 103.0.5060.53 (a1711811edd74ff1cf2150f36ffa3b0dae40b17f-refs/branch-heads/5060@{#853}) on port 51810
Only local connections are allowed.
Please see https://chromedriver.chromium.org/security-considerations for suggestions on keeping ChromeDriver safe.
ChromeDriver was started successfully.
Jul 20, 2022 12:25:26 AM org.openqa.selenium.remote.ProtocolHandshake createSession
INFO: Detected upstream dialect: W3C
Jul 20, 2022 12:25:26 AM org.openqa.selenium.devtools.CdpVersionFinder findNearestMatch
INFO: Found exact CDP implementation for version 103
]]></system-err>
  </testcase>
  <testcase name="runScenario[&quot;goto home page and add &quot;HTC One M8 Android L 5.0 Lollipop&quot; then check assertion&quot;, &quot;F08_Wishlist   | add one product to wishlist&quot;](14)" classname="org.example.testRunner.Runners" time="24.311">
    <system-out><![CDATA[Massage:The product has been added to your wishlist
color:#4bb07a
]]></system-out>
    <system-err><![CDATA[Starting ChromeDriver 103.0.5060.53 (a1711811edd74ff1cf2150f36ffa3b0dae40b17f-refs/branch-heads/5060@{#853}) on port 63344
Only local connections are allowed.
Please see https://chromedriver.chromium.org/security-considerations for suggestions on keeping ChromeDriver safe.
ChromeDriver was started successfully.
Jul 20, 2022 12:26:15 AM org.openqa.selenium.remote.ProtocolHandshake createSession
INFO: Detected upstream dialect: W3C
Jul 20, 2022 12:26:15 AM org.openqa.selenium.devtools.CdpVersionFinder findNearestMatch
INFO: Found exact CDP implementation for version 103
]]></system-err>
  </testcase>
  <testcase name="runScenario[&quot;goto home page and add &quot;HTC One M8 Android L 5.0 Lollipop&quot; then check wishlist counter for this item biggger than zero&quot;, &quot;F08_Wishlist   | add one product to wishlist&quot;](15)" classname="org.example.testRunner.Runners" time="20.69">
    <system-out><![CDATA[1
]]></system-out>
    <system-err><![CDATA[Starting ChromeDriver 103.0.5060.53 (a1711811edd74ff1cf2150f36ffa3b0dae40b17f-refs/branch-heads/5060@{#853}) on port 59640
Only local connections are allowed.
Please see https://chromedriver.chromium.org/security-considerations for suggestions on keeping ChromeDriver safe.
ChromeDriver was started successfully.
Jul 20, 2022 12:26:36 AM org.openqa.selenium.remote.ProtocolHandshake createSession
INFO: Detected upstream dialect: W3C
Jul 20, 2022 12:26:36 AM org.openqa.selenium.devtools.CdpVersionFinder findNearestMatch
INFO: Found exact CDP implementation for version 103
]]></system-err>
  </testcase>
</testsuite>